# JRE version: OpenJDK Runtime Environment Temurin-21.0.4+7 (21.0.4+7) (build 21.0.4+7-LTS)
# Java VM: OpenJDK 64-Bit Server VM Temurin-21.0.4+7 (21.0.4+7-LTS, mixed mode, sharing, tiered, compressed oops, compressed class ptrs, g1 gc, windows-amd64)
GC Precious Log:
 CardTable entry size: 512
 Card Set container configuration: InlinePtr #cards 4 size 8 Array Of Cards #cards 16 size 48 Howl #buckets 8 coarsen threshold 3686 Howl Bitmap #cards 512 size 80 coarsen threshold 460 Card regions per heap region 1 cards per card region 4096
 CPUs: 12 total, 12 available
 Memory: 15724M
 Large Page Support: Disabled
 NUMA Support: Disabled
 Compressed Oops: Enabled (Zero based)
 Heap Region Size: 2M
 Heap Min Capacity: 8M
 Heap Initial Capacity: 246M
 Heap Max Capacity: 3932M
 Pre-touch: Disabled
 Parallel Workers: 10
 Concurrent Workers: 3
 Concurrent Refinement Workers: 10
 Periodic GC: Disabled
Heap:
 garbage-first heap   total 1128448K, used 39370K [0x000000070a400000, 0x0000000800000000)
  region size 2048K, 1 young (2048K), 1 survivors (2048K)
 Metaspace       used 11344K, committed 11648K, reserved 1114112K
  class space    used 1067K, committed 1216K, reserved 1048576K
GC Heap History (15 events):
Event: 1.509 GC heap before
{Heap before GC invocations=0 (full 0):
 garbage-first heap   total 251904K, used 10240K [0x000000070a400000, 0x0000000800000000)
  region size 2048K, 6 young (12288K), 0 survivors (0K)
 Metaspace       used 6757K, committed 6976K, reserved 1114112K
  class space    used 646K, committed 768K, reserved 1048576K
}
Event: 1.512 GC heap after
{Heap after GC invocations=1 (full 0):
 garbage-first heap   total 251904K, used 4160K [0x000000070a400000, 0x0000000800000000)
  region size 2048K, 1 young (2048K), 1 survivors (2048K)
 Metaspace       used 6757K, committed 6976K, reserved 1114112K
  class space    used 646K, committed 768K, reserved 1048576K
}
Event: 1.969 GC heap before
{Heap before GC invocations=1 (full 0):
 garbage-first heap   total 251904K, used 12352K [0x000000070a400000, 0x0000000800000000)
  region size 2048K, 6 young (12288K), 1 survivors (2048K)
 Metaspace       used 9261K, committed 9472K, reserved 1114112K
  class space    used 901K, committed 960K, reserved 1048576K
}
Event: 1.975 GC heap after
{Heap after GC invocations=2 (full 1):
 garbage-first heap   total 49152K, used 5004K [0x000000070a400000, 0x0000000800000000)
  region size 2048K, 0 young (0K), 0 survivors (0K)
 Metaspace       used 9261K, committed 9472K, reserved 1114112K
  class space    used 901K, committed 960K, reserved 1048576K
}
Event: 6.873 GC heap before
{Heap before GC invocations=2 (full 1):
 garbage-first heap   total 49152K, used 11148K [0x000000070a400000, 0x0000000800000000)
  region size 2048K, 2 young (4096K), 0 survivors (0K)
 Metaspace       used 9469K, committed 9792K, reserved 1114112K
  class space    used 923K, committed 1088K, reserved 1048576K
}
Event: 6.874 GC heap after
{Heap after GC invocations=3 (full 1):
 garbage-first heap   total 49152K, used 11342K [0x000000070a400000, 0x0000000800000000)
  region size 2048K, 1 young (2048K), 1 survivors (2048K)
 Metaspace       used 9469K, committed 9792K, reserved 1114112K
  class space    used 923K, committed 1088K, reserved 1048576K
}
Event: 6.892 GC heap before
{Heap before GC invocations=3 (full 1):
 garbage-first heap   total 49152K, used 15438K [0x000000070a400000, 0x0000000800000000)
  region size 2048K, 2 young (4096K), 1 survivors (2048K)
 Metaspace       used 9478K, committed 9792K, reserved 1114112K
  class space    used 923K, committed 1088K, reserved 1048576K
}
Event: 6.897 GC heap after
{Heap after GC invocations=4 (full 2):
 garbage-first heap   total 49152K, used 13870K [0x000000070a400000, 0x0000000800000000)
  region size 2048K, 0 young (0K), 0 survivors (0K)
 Metaspace       used 9478K, committed 9792K, reserved 1114112K
  class space    used 923K, committed 1088K, reserved 1048576K
}
Event: 6.939 GC heap before
{Heap before GC invocations=4 (full 2):
 garbage-first heap   total 49152K, used 17966K [0x000000070a400000, 0x0000000800000000)
  region size 2048K, 1 young (2048K), 0 survivors (0K)
 Metaspace       used 9528K, committed 9792K, reserved 1114112K
  class space    used 930K, committed 1088K, reserved 1048576K
}
Event: 6.940 GC heap after
{Heap after GC invocations=5 (full 2):
 garbage-first heap   total 49152K, used 18028K [0x000000070a400000, 0x0000000800000000)
  region size 2048K, 1 young (2048K), 1 survivors (2048K)
 Metaspace       used 9528K, committed 9792K, reserved 1114112K
  class space    used 930K, committed 1088K, reserved 1048576K
}
Event: 6.942 GC heap before
{Heap before GC invocations=5 (full 2):
 garbage-first heap   total 49152K, used 22124K [0x000000070a400000, 0x0000000800000000)
  region size 2048K, 2 young (4096K), 1 survivors (2048K)
 Metaspace       used 9529K, committed 9792K, reserved 1114112K
  class space    used 930K, committed 1088K, reserved 1048576K
}
Event: 6.947 GC heap after
{Heap after GC invocations=6 (full 3):
 garbage-first heap   total 49152K, used 22077K [0x000000070a400000, 0x0000000800000000)
  region size 2048K, 0 young (0K), 0 survivors (0K)
 Metaspace       used 9529K, committed 9792K, reserved 1114112K
  class space    used 930K, committed 1088K, reserved 1048576K
}
Event: 6.950 GC heap before
{Heap before GC invocations=6 (full 3):
 garbage-first heap   total 49152K, used 22077K [0x000000070a400000, 0x0000000800000000)
  region size 2048K, 1 young (2048K), 0 survivors (0K)
 Metaspace       used 9529K, committed 9792K, reserved 1114112K
  class space    used 930K, committed 1088K, reserved 1048576K
}
Event: 6.950 GC heap after
{Heap after GC invocations=7 (full 3):
 garbage-first heap   total 49152K, used 22083K [0x000000070a400000, 0x0000000800000000)
  region size 2048K, 1 young (2048K), 1 survivors (2048K)
 Metaspace       used 9529K, committed 9792K, reserved 1114112K
  class space    used 930K, committed 1088K, reserved 1048576K
}
Event: 13.799 GC heap before
{Heap before GC invocations=8 (full 3):
 garbage-first heap   total 1126400K, used 1119811K [0x000000070a400000, 0x0000000800000000)
  region size 2048K, 4 young (8192K), 1 survivors (2048K)
 Metaspace       used 11344K, committed 11648K, reserved 1114112K
  class space    used 1067K, committed 1216K, reserved 1048576K
}

