# JRE version: OpenJDK Runtime Environment Temurin-21.0.4+7 (21.0.4+7) (build 21.0.4+7-LTS)
# Java VM: OpenJDK 64-Bit Server VM Temurin-21.0.4+7 (21.0.4+7-LTS, mixed mode, sharing, tiered, compressed oops, compressed class ptrs, g1 gc, windows-amd64)
GC Precious Log:
 CardTable entry size: 512
 Card Set container configuration: InlinePtr #cards 4 size 8 Array Of Cards #cards 16 size 48 Howl #buckets 8 coarsen threshold 3686 Howl Bitmap #cards 512 size 80 coarsen threshold 460 Card regions per heap region 1 cards per card region 4096
 CPUs: 12 total, 12 available
 Memory: 15724M
 Large Page Support: Disabled
 NUMA Support: Disabled
 Compressed Oops: Enabled (Zero based)
 Heap Region Size: 2M
 Heap Min Capacity: 8M
 Heap Initial Capacity: 246M
 Heap Max Capacity: 3932M
 Pre-touch: Disabled
 Parallel Workers: 10
 Concurrent Workers: 3
 Concurrent Refinement Workers: 10
 Periodic GC: Disabled
Heap:
 garbage-first heap   total 602112K, used 38680K [0x000000070a400000, 0x0000000800000000)
  region size 2048K, 1 young (2048K), 1 survivors (2048K)
 Metaspace       used 10294K, committed 10496K, reserved 1114112K
  class space    used 997K, committed 1088K, reserved 1048576K
GC Heap History (17 events):
Event: 1.203 GC heap before
{Heap before GC invocations=0 (full 0):
 garbage-first heap   total 251904K, used 10240K [0x000000070a400000, 0x0000000800000000)
  region size 2048K, 6 young (12288K), 0 survivors (0K)
 Metaspace       used 6759K, committed 6976K, reserved 1114112K
  class space    used 646K, committed 768K, reserved 1048576K
}
Event: 1.206 GC heap after
{Heap after GC invocations=1 (full 0):
 garbage-first heap   total 251904K, used 4096K [0x000000070a400000, 0x0000000800000000)
  region size 2048K, 1 young (2048K), 1 survivors (2048K)
 Metaspace       used 6759K, committed 6976K, reserved 1114112K
  class space    used 646K, committed 768K, reserved 1048576K
}
Event: 1.537 GC heap before
{Heap before GC invocations=1 (full 0):
 garbage-first heap   total 251904K, used 10240K [0x000000070a400000, 0x0000000800000000)
  region size 2048K, 6 young (12288K), 1 survivors (2048K)
 Metaspace       used 9272K, committed 9472K, reserved 1114112K
  class space    used 902K, committed 960K, reserved 1048576K
}
Event: 1.541 GC heap after
{Heap after GC invocations=2 (full 1):
 garbage-first heap   total 49152K, used 5023K [0x000000070a400000, 0x0000000800000000)
  region size 2048K, 0 young (0K), 0 survivors (0K)
 Metaspace       used 9272K, committed 9472K, reserved 1114112K
  class space    used 902K, committed 960K, reserved 1048576K
}
Event: 140.416 GC heap before
{Heap before GC invocations=2 (full 1):
 garbage-first heap   total 49152K, used 9119K [0x000000070a400000, 0x0000000800000000)
  region size 2048K, 2 young (4096K), 0 survivors (0K)
 Metaspace       used 9300K, committed 9472K, reserved 1114112K
  class space    used 903K, committed 960K, reserved 1048576K
}
Event: 140.417 GC heap after
{Heap after GC invocations=3 (full 1):
 garbage-first heap   total 49152K, used 5232K [0x000000070a400000, 0x0000000800000000)
  region size 2048K, 1 young (2048K), 1 survivors (2048K)
 Metaspace       used 9300K, committed 9472K, reserved 1114112K
  class space    used 903K, committed 960K, reserved 1048576K
}
Event: 193.791 GC heap before
{Heap before GC invocations=3 (full 1):
 garbage-first heap   total 49152K, used 13424K [0x000000070a400000, 0x0000000800000000)
  region size 2048K, 3 young (6144K), 1 survivors (2048K)
 Metaspace       used 9497K, committed 9792K, reserved 1114112K
  class space    used 923K, committed 1088K, reserved 1048576K
}
Event: 193.792 GC heap after
{Heap after GC invocations=4 (full 1):
 garbage-first heap   total 49152K, used 11236K [0x000000070a400000, 0x0000000800000000)
  region size 2048K, 1 young (2048K), 1 survivors (2048K)
 Metaspace       used 9497K, committed 9792K, reserved 1114112K
  class space    used 923K, committed 1088K, reserved 1048576K
}
Event: 193.809 GC heap before
{Heap before GC invocations=4 (full 1):
 garbage-first heap   total 49152K, used 15332K [0x000000070a400000, 0x0000000800000000)
  region size 2048K, 2 young (4096K), 1 survivors (2048K)
 Metaspace       used 9508K, committed 9792K, reserved 1114112K
  class space    used 923K, committed 1088K, reserved 1048576K
}
Event: 193.815 GC heap after
{Heap after GC invocations=5 (full 2):
 garbage-first heap   total 49152K, used 13870K [0x000000070a400000, 0x0000000800000000)
  region size 2048K, 0 young (0K), 0 survivors (0K)
 Metaspace       used 9508K, committed 9792K, reserved 1114112K
  class space    used 923K, committed 1088K, reserved 1048576K
}
Event: 193.850 GC heap before
{Heap before GC invocations=5 (full 2):
 garbage-first heap   total 49152K, used 17966K [0x000000070a400000, 0x0000000800000000)
  region size 2048K, 1 young (2048K), 0 survivors (0K)
 Metaspace       used 9555K, committed 9856K, reserved 1114112K
  class space    used 930K, committed 1088K, reserved 1048576K
}
Event: 193.850 GC heap after
{Heap after GC invocations=6 (full 2):
 garbage-first heap   total 49152K, used 17992K [0x000000070a400000, 0x0000000800000000)
  region size 2048K, 1 young (2048K), 1 survivors (2048K)
 Metaspace       used 9555K, committed 9856K, reserved 1114112K
  class space    used 930K, committed 1088K, reserved 1048576K
}
Event: 193.852 GC heap before
{Heap before GC invocations=6 (full 2):
 garbage-first heap   total 49152K, used 22088K [0x000000070a400000, 0x0000000800000000)
  region size 2048K, 2 young (4096K), 1 survivors (2048K)
 Metaspace       used 9555K, committed 9856K, reserved 1114112K
  class space    used 930K, committed 1088K, reserved 1048576K
}
Event: 193.857 GC heap after
{Heap after GC invocations=7 (full 3):
 garbage-first heap   total 49152K, used 22076K [0x000000070a400000, 0x0000000800000000)
  region size 2048K, 0 young (0K), 0 survivors (0K)
 Metaspace       used 9555K, committed 9856K, reserved 1114112K
  class space    used 930K, committed 1088K, reserved 1048576K
}
Event: 193.857 GC heap before
{Heap before GC invocations=7 (full 3):
 garbage-first heap   total 49152K, used 22076K [0x000000070a400000, 0x0000000800000000)
  region size 2048K, 1 young (2048K), 0 survivors (0K)
 Metaspace       used 9555K, committed 9856K, reserved 1114112K
  class space    used 930K, committed 1088K, reserved 1048576K
}
Event: 193.858 GC heap after
{Heap after GC invocations=8 (full 3):
 garbage-first heap   total 49152K, used 22082K [0x000000070a400000, 0x0000000800000000)
  region size 2048K, 1 young (2048K), 1 survivors (2048K)
 Metaspace       used 9555K, committed 9856K, reserved 1114112K
  class space    used 930K, committed 1088K, reserved 1048576K
}
Event: 600.147 GC heap before
{Heap before GC invocations=9 (full 3):
 garbage-first heap   total 600064K, used 593474K [0x000000070a400000, 0x0000000800000000)
  region size 2048K, 7 young (14336K), 1 survivors (2048K)
 Metaspace       used 10294K, committed 10496K, reserved 1114112K
  class space    used 997K, committed 1088K, reserved 1048576K
}

